# JRE version: OpenJDK Runtime Environment Temurin-17.0.16+8 (17.0.16+8) (build 17.0.16+8)
# Java VM: OpenJDK 64-Bit Server VM Temurin-17.0.16+8 (17.0.16+8, mixed mode, sharing, tiered, compressed oops, compressed class ptrs, serial gc, windows-amd64)
GC Precious Log:
 CPUs: 8 total, 8 available
 Memory: 7932M
 Large Page Support: Disabled
 NUMA Support: Disabled
 Compressed Oops: Enabled (32-bit)
 Heap Min Capacity: 64M
 Heap Initial Capacity: 64M
 Heap Max Capacity: 128M
 Pre-touch: Disabled
Heap:
 def new generation   total 19648K, used 8821K [0x00000000f8000000, 0x00000000f9550000, 0x00000000faaa0000)
  eden space 17472K,  43% used [0x00000000f8000000, 0x00000000f8775720, 0x00000000f9110000)
  from space 2176K,  54% used [0x00000000f9330000, 0x00000000f9457d90, 0x00000000f9550000)
  to   space 2176K,   0% used [0x00000000f9110000, 0x00000000f9110000, 0x00000000f9330000)
 tenured generation   total 43712K, used 5213K [0x00000000faaa0000, 0x00000000fd550000, 0x0000000100000000)
   the space 43712K,  11% used [0x00000000faaa0000, 0x00000000fafb76d0, 0x00000000fafb7800, 0x00000000fd550000)
 Metaspace       used 13524K, committed 14144K, reserved 98304K
  class space    used 2883K, committed 3136K, reserved 32768K
GC Heap History (10 events):
Event: 0.777 GC heap before
{Heap before GC invocations=0 (full 0):
 def new generation   total 19648K, used 17472K [0x00000000f8000000, 0x00000000f9550000, 0x00000000faaa0000)
  eden space 17472K, 100% used [0x00000000f8000000, 0x00000000f9110000, 0x00000000f9110000)
  from space 2176K,   0% used [0x00000000f9110000, 0x00000000f9110000, 0x00000000f9330000)
  to   space 2176K,   0% used [0x00000000f9330000, 0x00000000f9330000, 0x00000000f9550000)
 tenured generation   total 43712K, used 0K [0x00000000faaa0000, 0x00000000fd550000, 0x0000000100000000)
   the space 43712K,   0% used [0x00000000faaa0000, 0x00000000faaa0000, 0x00000000faaa0200, 0x00000000fd550000)
 Metaspace       used 5191K, committed 5312K, reserved 98304K
  class space    used 1077K, committed 1152K, reserved 32768K
}
Event: 0.783 GC heap after
{Heap after GC invocations=1 (full 0):
 def new generation   total 19648K, used 2175K [0x00000000f8000000, 0x00000000f9550000, 0x00000000faaa0000)
  eden space 17472K,   0% used [0x00000000f8000000, 0x00000000f8000000, 0x00000000f9110000)
  from space 2176K,  99% used [0x00000000f9330000, 0x00000000f954fff8, 0x00000000f9550000)
  to   space 2176K,   0% used [0x00000000f9110000, 0x00000000f9110000, 0x00000000f9330000)
 tenured generation   total 43712K, used 533K [0x00000000faaa0000, 0x00000000fd550000, 0x0000000100000000)
   the space 43712K,   1% used [0x00000000faaa0000, 0x00000000fab25788, 0x00000000fab25800, 0x00000000fd550000)
 Metaspace       used 5191K, committed 5312K, reserved 98304K
  class space    used 1077K, committed 1152K, reserved 32768K
}
Event: 6.419 GC heap before
{Heap before GC invocations=1 (full 0):
 def new generation   total 19648K, used 19647K [0x00000000f8000000, 0x00000000f9550000, 0x00000000faaa0000)
  eden space 17472K, 100% used [0x00000000f8000000, 0x00000000f9110000, 0x00000000f9110000)
  from space 2176K,  99% used [0x00000000f9330000, 0x00000000f954fff8, 0x00000000f9550000)
  to   space 2176K,   0% used [0x00000000f9110000, 0x00000000f9110000, 0x00000000f9330000)
 tenured generation   total 43712K, used 533K [0x00000000faaa0000, 0x00000000fd550000, 0x0000000100000000)
   the space 43712K,   1% used [0x00000000faaa0000, 0x00000000fab25788, 0x00000000fab25800, 0x00000000fd550000)
 Metaspace       used 7577K, committed 7744K, reserved 98304K
  class space    used 1694K, committed 1792K, reserved 32768K
}
Event: 6.432 GC heap after
{Heap after GC invocations=2 (full 0):
 def new generation   total 19648K, used 1030K [0x00000000f8000000, 0x00000000f9550000, 0x00000000faaa0000)
  eden space 17472K,   0% used [0x00000000f8000000, 0x00000000f8000000, 0x00000000f9110000)
  from space 2176K,  47% used [0x00000000f9110000, 0x00000000f9211be0, 0x00000000f9330000)
  to   space 2176K,   0% used [0x00000000f9330000, 0x00000000f9330000, 0x00000000f9550000)
 tenured generation   total 43712K, used 2662K [0x00000000faaa0000, 0x00000000fd550000, 0x0000000100000000)
   the space 43712K,   6% used [0x00000000faaa0000, 0x00000000fad39aa8, 0x00000000fad39c00, 0x00000000fd550000)
 Metaspace       used 7577K, committed 7744K, reserved 98304K
  class space    used 1694K, committed 1792K, reserved 32768K
}
Event: 7.046 GC heap before
{Heap before GC invocations=2 (full 0):
 def new generation   total 19648K, used 18502K [0x00000000f8000000, 0x00000000f9550000, 0x00000000faaa0000)
  eden space 17472K, 100% used [0x00000000f8000000, 0x00000000f9110000, 0x00000000f9110000)
  from space 2176K,  47% used [0x00000000f9110000, 0x00000000f9211be0, 0x00000000f9330000)
  to   space 2176K,   0% used [0x00000000f9330000, 0x00000000f9330000, 0x00000000f9550000)
 tenured generation   total 43712K, used 2662K [0x00000000faaa0000, 0x00000000fd550000, 0x0000000100000000)
   the space 43712K,   6% used [0x00000000faaa0000, 0x00000000fad39aa8, 0x00000000fad39c00, 0x00000000fd550000)
 Metaspace       used 11137K, committed 11328K, reserved 98304K
  class space    used 2426K, committed 2496K, reserved 32768K
}
Event: 7.051 GC heap after
{Heap after GC invocations=3 (full 0):
 def new generation   total 19648K, used 2176K [0x00000000f8000000, 0x00000000f9550000, 0x00000000faaa0000)
  eden space 17472K,   0% used [0x00000000f8000000, 0x00000000f8000000, 0x00000000f9110000)
  from space 2176K, 100% used [0x00000000f9330000, 0x00000000f9550000, 0x00000000f9550000)
  to   space 2176K,   0% used [0x00000000f9110000, 0x00000000f9110000, 0x00000000f9330000)
 tenured generation   total 43712K, used 3095K [0x00000000faaa0000, 0x00000000fd550000, 0x0000000100000000)
   the space 43712K,   7% used [0x00000000faaa0000, 0x00000000fada5c90, 0x00000000fada5e00, 0x00000000fd550000)
 Metaspace       used 11137K, committed 11328K, reserved 98304K
  class space    used 2426K, committed 2496K, reserved 32768K
}
Event: 7.632 GC heap before
{Heap before GC invocations=3 (full 0):
 def new generation   total 19648K, used 19648K [0x00000000f8000000, 0x00000000f9550000, 0x00000000faaa0000)
  eden space 17472K, 100% used [0x00000000f8000000, 0x00000000f9110000, 0x00000000f9110000)
  from space 2176K, 100% used [0x00000000f9330000, 0x00000000f9550000, 0x00000000f9550000)
  to   space 2176K,   0% used [0x00000000f9110000, 0x00000000f9110000, 0x00000000f9330000)
 tenured generation   total 43712K, used 3095K [0x00000000faaa0000, 0x00000000fd550000, 0x0000000100000000)
   the space 43712K,   7% used [0x00000000faaa0000, 0x00000000fada5c90, 0x00000000fada5e00, 0x00000000fd550000)
 Metaspace       used 12310K, committed 12736K, reserved 98304K
  class space    used 2615K, committed 2752K, reserved 32768K
}
Event: 7.642 GC heap after
{Heap after GC invocations=4 (full 0):
 def new generation   total 19648K, used 612K [0x00000000f8000000, 0x00000000f9550000, 0x00000000faaa0000)
  eden space 17472K,   0% used [0x00000000f8000000, 0x00000000f8000000, 0x00000000f9110000)
  from space 2176K,  28% used [0x00000000f9110000, 0x00000000f91a9338, 0x00000000f9330000)
  to   space 2176K,   0% used [0x00000000f9330000, 0x00000000f9330000, 0x00000000f9550000)
 tenured generation   total 43712K, used 5213K [0x00000000faaa0000, 0x00000000fd550000, 0x0000000100000000)
   the space 43712K,  11% used [0x00000000faaa0000, 0x00000000fafb76d0, 0x00000000fafb7800, 0x00000000fd550000)
 Metaspace       used 12310K, committed 12736K, reserved 98304K
  class space    used 2615K, committed 2752K, reserved 32768K
}
Event: 7.999 GC heap before
{Heap before GC invocations=4 (full 0):
 def new generation   total 19648K, used 18084K [0x00000000f8000000, 0x00000000f9550000, 0x00000000faaa0000)
  eden space 17472K, 100% used [0x00000000f8000000, 0x00000000f9110000, 0x00000000f9110000)
  from space 2176K,  28% used [0x00000000f9110000, 0x00000000f91a9338, 0x00000000f9330000)
  to   space 2176K,   0% used [0x00000000f9330000, 0x00000000f9330000, 0x00000000f9550000)
 tenured generation   total 43712K, used 5213K [0x00000000faaa0000, 0x00000000fd550000, 0x0000000100000000)
   the space 43712K,  11% used [0x00000000faaa0000, 0x00000000fafb76d0, 0x00000000fafb7800, 0x00000000fd550000)
 Metaspace       used 13228K, committed 13760K, reserved 98304K
  class space    used 2802K, committed 3008K, reserved 32768K
}
Event: 8.002 GC heap after
{Heap after GC invocations=5 (full 0):
 def new generation   total 19648K, used 1183K [0x00000000f8000000, 0x00000000f9550000, 0x00000000faaa0000)
  eden space 17472K,   0% used [0x00000000f8000000, 0x00000000f8000000, 0x00000000f9110000)
  from space 2176K,  54% used [0x00000000f9330000, 0x00000000f9457d90, 0x00000000f9550000)
  to   space 2176K,   0% used [0x00000000f9110000, 0x00000000f9110000, 0x00000000f9330000)
 tenured generation   total 43712K, used 5213K [0x00000000faaa0000, 0x00000000fd550000, 0x0000000100000000)
   the space 43712K,  11% used [0x00000000faaa0000, 0x00000000fafb76d0, 0x00000000fafb7800, 0x00000000fd550000)
 Metaspace       used 13228K, committed 13760K, reserved 98304K
  class space    used 2802K, committed 3008K, reserved 32768K
}

