# JRE version: OpenJDK Runtime Environment Temurin-17.0.16+8 (17.0.16+8) (build 17.0.16+8)
# Java VM: OpenJDK 64-Bit Server VM Temurin-17.0.16+8 (17.0.16+8, mixed mode, sharing, tiered, compressed oops, compressed class ptrs, serial gc, windows-amd64)
GC Precious Log:
 CPUs: 8 total, 8 available
 Memory: 7932M
 Large Page Support: Disabled
 NUMA Support: Disabled
 Compressed Oops: Enabled (32-bit)
 Heap Min Capacity: 128M
 Heap Initial Capacity: 128M
 Heap Max Capacity: 256M
 Pre-touch: Disabled
Heap:
 def new generation   total 39296K, used 33792K [0x00000000f0000000, 0x00000000f2aa0000, 0x00000000f5550000)
  eden space 34944K,  90% used [0x00000000f0000000, 0x00000000f1edcf30, 0x00000000f2220000)
  from space 4352K,  50% used [0x00000000f2220000, 0x00000000f2443348, 0x00000000f2660000)
  to   space 4352K,   0% used [0x00000000f2660000, 0x00000000f2660000, 0x00000000f2aa0000)
 tenured generation   total 87424K, used 3563K [0x00000000f5550000, 0x00000000faab0000, 0x0000000100000000)
   the space 87424K,   4% used [0x00000000f5550000, 0x00000000f58cac58, 0x00000000f58cae00, 0x00000000faab0000)
 Metaspace       used 13693K, committed 14400K, reserved 1114112K
  class space    used 2928K, committed 3200K, reserved 1048576K
GC Heap History (4 events):
Event: 2.765 GC heap before
{Heap before GC invocations=0 (full 0):
 def new generation   total 39296K, used 34944K [0x00000000f0000000, 0x00000000f2aa0000, 0x00000000f5550000)
  eden space 34944K, 100% used [0x00000000f0000000, 0x00000000f2220000, 0x00000000f2220000)
  from space 4352K,   0% used [0x00000000f2220000, 0x00000000f2220000, 0x00000000f2660000)
  to   space 4352K,   0% used [0x00000000f2660000, 0x00000000f2660000, 0x00000000f2aa0000)
 tenured generation   total 87424K, used 0K [0x00000000f5550000, 0x00000000faab0000, 0x0000000100000000)
   the space 87424K,   0% used [0x00000000f5550000, 0x00000000f5550000, 0x00000000f5550200, 0x00000000faab0000)
 Metaspace       used 7575K, committed 7744K, reserved 1114112K
  class space    used 1694K, committed 1792K, reserved 1048576K
}
Event: 2.775 GC heap after
{Heap after GC invocations=1 (full 0):
 def new generation   total 39296K, used 3653K [0x00000000f0000000, 0x00000000f2aa0000, 0x00000000f5550000)
  eden space 34944K,   0% used [0x00000000f0000000, 0x00000000f0000000, 0x00000000f2220000)
  from space 4352K,  83% used [0x00000000f2660000, 0x00000000f29f17c0, 0x00000000f2aa0000)
  to   space 4352K,   0% used [0x00000000f2220000, 0x00000000f2220000, 0x00000000f2660000)
 tenured generation   total 87424K, used 0K [0x00000000f5550000, 0x00000000faab0000, 0x0000000100000000)
   the space 87424K,   0% used [0x00000000f5550000, 0x00000000f5550000, 0x00000000f5550200, 0x00000000faab0000)
 Metaspace       used 7575K, committed 7744K, reserved 1114112K
  class space    used 1694K, committed 1792K, reserved 1048576K
}
Event: 3.741 GC heap before
{Heap before GC invocations=1 (full 0):
 def new generation   total 39296K, used 38597K [0x00000000f0000000, 0x00000000f2aa0000, 0x00000000f5550000)
  eden space 34944K, 100% used [0x00000000f0000000, 0x00000000f2220000, 0x00000000f2220000)
  from space 4352K,  83% used [0x00000000f2660000, 0x00000000f29f17c0, 0x00000000f2aa0000)
  to   space 4352K,   0% used [0x00000000f2220000, 0x00000000f2220000, 0x00000000f2660000)
 tenured generation   total 87424K, used 0K [0x00000000f5550000, 0x00000000faab0000, 0x0000000100000000)
   the space 87424K,   0% used [0x00000000f5550000, 0x00000000f5550000, 0x00000000f5550200, 0x00000000faab0000)
 Metaspace       used 12236K, committed 12608K, reserved 1114112K
  class space    used 2604K, committed 2752K, reserved 1048576K
}
Event: 3.752 GC heap after
{Heap after GC invocations=2 (full 0):
 def new generation   total 39296K, used 2188K [0x00000000f0000000, 0x00000000f2aa0000, 0x00000000f5550000)
  eden space 34944K,   0% used [0x00000000f0000000, 0x00000000f0000000, 0x00000000f2220000)
  from space 4352K,  50% used [0x00000000f2220000, 0x00000000f2443348, 0x00000000f2660000)
  to   space 4352K,   0% used [0x00000000f2660000, 0x00000000f2660000, 0x00000000f2aa0000)
 tenured generation   total 87424K, used 3563K [0x00000000f5550000, 0x00000000faab0000, 0x0000000100000000)
   the space 87424K,   4% used [0x00000000f5550000, 0x00000000f58cac58, 0x00000000f58cae00, 0x00000000faab0000)
 Metaspace       used 12236K, committed 12608K, reserved 1114112K
  class space    used 2604K, committed 2752K, reserved 1048576K
}

